[debug] [2024-08-27T04:01:34.517Z] ----------------------------------------------------------------------
[debug] [2024-08-27T04:01:34.520Z] Command:       /usr/local/bin/firebase /home/umer/.cache/firebase/tools/lib/node_modules/firebase-tools/lib/bin/firebase login
[debug] [2024-08-27T04:01:34.521Z] CLI Version:   13.15.4
[debug] [2024-08-27T04:01:34.521Z] Platform:      linux
[debug] [2024-08-27T04:01:34.521Z] Node Version:  v18.5.0
[debug] [2024-08-27T04:01:34.521Z] Time:          Tue Aug 27 2024 09:01:34 GMT+0500 (Pakistan Standard Time)
[debug] [2024-08-27T04:01:34.522Z] ----------------------------------------------------------------------
[debug] 
[debug] [2024-08-27T04:01:34.525Z] >>> [apiv2][query] GET https://firebase-public.firebaseio.com/cli.json [none]
[info] i  Firebase optionally collects CLI and Emulator Suite usage and error reporting information to help improve our products. Data is collected in accordance with Google's privacy policy (https://policies.google.com/privacy) and is not used to identify you.
 
[debug] [2024-08-27T04:01:35.379Z] <<< [apiv2][status] GET https://firebase-public.firebaseio.com/cli.json 200
[debug] [2024-08-27T04:01:35.379Z] <<< [apiv2][body] GET https://firebase-public.firebaseio.com/cli.json {"cloudBuildErrorAfter":1594252800000,"cloudBuildWarnAfter":1590019200000,"defaultNode10After":1594252800000,"minVersion":"3.0.5","node8DeploysDisabledAfter":1613390400000,"node8RuntimeDisabledAfter":1615809600000,"node8WarnAfter":1600128000000}
[info] i  To change your data collection preference at any time, run `firebase logout` and log in again. 
[info] 
[info] Visit this URL on this device to log in:
[info] https://accounts.google.com/o/oauth2/auth?client_id=563584335869-fgrhgmd47bqnekij5i8b5pr03ho849e6.apps.googleusercontent.com&scope=email%20openid%20https%3A%2F%2Fwww.googleapis.com%2Fauth%2Fcloudplatformprojects.readonly%20https%3A%2F%2Fwww.googleapis.com%2Fauth%2Ffirebase%20https%3A%2F%2Fwww.googleapis.com%2Fauth%2Fcloud-platform&response_type=code&state=1060243628&redirect_uri=http%3A%2F%2Flocalhost%3A9005
[info] 
[info] Waiting for authentication...
[debug] [2024-08-27T05:27:44.348Z] ----------------------------------------------------------------------
[debug] [2024-08-27T05:27:44.351Z] Command:       /usr/local/bin/firebase /home/umer/.cache/firebase/tools/lib/node_modules/firebase-tools/lib/bin/firebase login
[debug] [2024-08-27T05:27:44.352Z] CLI Version:   13.15.4
[debug] [2024-08-27T05:27:44.352Z] Platform:      linux
[debug] [2024-08-27T05:27:44.352Z] Node Version:  v18.5.0
[debug] [2024-08-27T05:27:44.353Z] Time:          Tue Aug 27 2024 10:27:44 GMT+0500 (Pakistan Standard Time)
[debug] [2024-08-27T05:27:44.353Z] ----------------------------------------------------------------------
[debug] 
[info] i  Firebase optionally collects CLI and Emulator Suite usage and error reporting information to help improve our products. Data is collected in accordance with Google's privacy policy (https://policies.google.com/privacy) and is not used to identify you.
 
[info] i  To change your data collection preference at any time, run `firebase logout` and log in again. 
[info] 
[info] Visit this URL on this device to log in:
[info] https://accounts.google.com/o/oauth2/auth?client_id=563584335869-fgrhgmd47bqnekij5i8b5pr03ho849e6.apps.googleusercontent.com&scope=email%20openid%20https%3A%2F%2Fwww.googleapis.com%2Fauth%2Fcloudplatformprojects.readonly%20https%3A%2F%2Fwww.googleapis.com%2Fauth%2Ffirebase%20https%3A%2F%2Fwww.googleapis.com%2Fauth%2Fcloud-platform&response_type=code&state=400478815&redirect_uri=http%3A%2F%2Flocalhost%3A9006
[info] 
[info] Waiting for authentication...
[debug] [2024-08-27T12:00:37.311Z] ----------------------------------------------------------------------
[debug] [2024-08-27T12:00:37.314Z] Command:       /usr/local/bin/firebase /home/umer/.cache/firebase/tools/lib/node_modules/firebase-tools/lib/bin/firebase login
[debug] [2024-08-27T12:00:37.314Z] CLI Version:   13.15.4
[debug] [2024-08-27T12:00:37.314Z] Platform:      linux
[debug] [2024-08-27T12:00:37.314Z] Node Version:  v18.5.0
[debug] [2024-08-27T12:00:37.315Z] Time:          Tue Aug 27 2024 17:00:37 GMT+0500 (Pakistan Standard Time)
[debug] [2024-08-27T12:00:37.315Z] ----------------------------------------------------------------------
[debug] 
[info] i  Firebase optionally collects CLI and Emulator Suite usage and error reporting information to help improve our products. Data is collected in accordance with Google's privacy policy (https://policies.google.com/privacy) and is not used to identify you.
 
[info] i  To change your data collection preference at any time, run `firebase logout` and log in again. 
[info] 
[info] Visit this URL on this device to log in:
[info] https://accounts.google.com/o/oauth2/auth?client_id=563584335869-fgrhgmd47bqnekij5i8b5pr03ho849e6.apps.googleusercontent.com&scope=email%20openid%20https%3A%2F%2Fwww.googleapis.com%2Fauth%2Fcloudplatformprojects.readonly%20https%3A%2F%2Fwww.googleapis.com%2Fauth%2Ffirebase%20https%3A%2F%2Fwww.googleapis.com%2Fauth%2Fcloud-platform&response_type=code&state=131054674&redirect_uri=http%3A%2F%2Flocalhost%3A9005
[info] 
[info] Waiting for authentication...
